<?xml version="1.0" encoding="UTF-8"?>
<testsuite xmlns:xsi="http://www.w3.org/2001/XMLSchema-instance" xsi:noNamespaceSchemaLocation="https://maven.apache.org/surefire/maven-surefire-plugin/xsd/surefire-test-report-3.0.xsd" version="3.0" name="co.crisi.helidon.odyssey.jotvault.MainTest" time="4.292" tests="1" errors="0" skipped="0" failures="0">
  <properties>
[...]
</properties>
  <testcase name="testHelloWorld" classname="co.crisi.helidon.odyssey.jotvault.MainTest" time="0.657">
    <system-out><![CDATA[2023.11.27 08:24:09 INFO io.helidon.common.LogConfig Thread[#1,main,5,main]: Logging at initialization configured using C:\Users\cristian.sanchezp\Documents\project\ForgeRock\helidon\odyssey-jot-vault\target\classes\logging.properties
2023.11.27 08:24:09 INFO io.helidon.tracing.tracerresolver.TracerResolverBuilder Thread[#1,main,5,main]: TracerResolver not configured, tracing is disabled
2023.11.27 08:24:09 WARNING io.helidon.microprofile.tracing.TracingCdiExtension Thread[#1,main,5,main]: helidon-microprofile-tracing is on the classpath, yet there is no tracer implementation library. Tracing uses a no-op tracer. As a result, no tracing will be configured for WebServer and JAX-RS
2023.11.27 08:24:09 INFO io.helidon.microprofile.security.SecurityCdiExtension Thread[#1,main,5,main]: Authentication provider is missing from security configuration, but security extension for microprofile is enabled (requires providers configuration at key security.providers). Security will not have any valid authentication provider
2023.11.27 08:24:09 INFO io.helidon.microprofile.security.SecurityCdiExtension Thread[#1,main,5,main]: Authorization provider is missing from security configuration, but security extension for microprofile is enabled (requires providers configuration at key security.providers). ABAC provider is configured for authorization.
2023.11.27 08:24:09 INFO io.helidon.microprofile.server.ServerCdiExtension Thread[#1,main,5,main]: Registering JAX-RS Application: HelidonMP
2023.11.27 08:24:10 INFO io.helidon.webserver.NettyWebServer Thread[#111,nioEventLoopGroup-2-1,10,main]: Channel '@default' started: [id: 0x79575a83, L:/[0:0:0:0:0:0:0:0]:60687]
2023.11.27 08:24:10 INFO io.helidon.microprofile.server.ServerCdiExtension Thread[#1,main,5,main]: Server started on http://localhost:60687 (and all other host addresses) in 4534 milliseconds (since JVM startup).
2023.11.27 08:24:10 INFO io.helidon.common.HelidonFeatures Thread[#112,features-thread,5,main]: Helidon MP 2.6.4 features: [CDI, Config, Fault Tolerance, Health, JAX-RS, Metrics, Open API, REST Client, Security, Server, Tracing]
]]></system-out>
  </testcase>
</testsuite>